# JRE version: Java(TM) SE Runtime Environment (14.0+36) (build 14+36-1461)
# Java VM: Java HotSpot(TM) 64-Bit Server VM (14+36-1461, mixed mode, sharing, tiered, compressed oops, g1 gc, windows-amd64)
Heap:
 garbage-first heap   total 20480K, used 9740K [0x00000000c0000000, 0x0000000100000000)
  region size 1024K, 5 young (5120K), 0 survivors (0K)
 Metaspace       used 2531K, capacity 4935K, committed 5120K, reserved 1056768K
  class space    used 223K, capacity 466K, committed 512K, reserved 1048576K
GC Heap History (20 events):
Event: 8.859 GC heap before
{Heap before GC invocations=32 (full 25):
 garbage-first heap   total 20480K, used 5644K [0x00000000c0000000, 0x0000000100000000)
  region size 1024K, 1 young (1024K), 0 survivors (0K)
 Metaspace       used 2522K, capacity 4935K, committed 5120K, reserved 1056768K
  class space    used 222K, capacity 466K, committed 512K, reserved 1048576K
}
Event: 8.867 GC heap after
{Heap after GC invocations=33 (full 26):
 garbage-first heap   total 20480K, used 5644K [0x00000000c0000000, 0x0000000100000000)
  region size 1024K, 0 young (0K), 0 survivors (0K)
 Metaspace       used 2522K, capacity 4935K, committed 5120K, reserved 1056768K
  class space    used 222K, capacity 466K, committed 512K, reserved 1048576K
}
Event: 12.664 GC heap before
{Heap before GC invocations=33 (full 26):
 garbage-first heap   total 20480K, used 5644K [0x00000000c0000000, 0x0000000100000000)
  region size 1024K, 1 young (1024K), 0 survivors (0K)
 Metaspace       used 2522K, capacity 4935K, committed 5120K, reserved 1056768K
  class space    used 222K, capacity 466K, committed 512K, reserved 1048576K
}
Event: 12.671 GC heap after
{Heap after GC invocations=34 (full 27):
 garbage-first heap   total 20480K, used 5644K [0x00000000c0000000, 0x0000000100000000)
  region size 1024K, 0 young (0K), 0 survivors (0K)
 Metaspace       used 2522K, capacity 4935K, committed 5120K, reserved 1056768K
  class space    used 222K, capacity 466K, committed 512K, reserved 1048576K
}
Event: 12.740 GC heap before
{Heap before GC invocations=34 (full 27):
 garbage-first heap   total 20480K, used 5644K [0x00000000c0000000, 0x0000000100000000)
  region size 1024K, 1 young (1024K), 0 survivors (0K)
 Metaspace       used 2522K, capacity 4935K, committed 5120K, reserved 1056768K
  class space    used 222K, capacity 466K, committed 512K, reserved 1048576K
}
Event: 12.747 GC heap after
{Heap after GC invocations=35 (full 28):
 garbage-first heap   total 20480K, used 5644K [0x00000000c0000000, 0x0000000100000000)
  region size 1024K, 0 young (0K), 0 survivors (0K)
 Metaspace       used 2522K, capacity 4935K, committed 5120K, reserved 1056768K
  class space    used 222K, capacity 466K, committed 512K, reserved 1048576K
}
Event: 12.815 GC heap before
{Heap before GC invocations=35 (full 28):
 garbage-first heap   total 20480K, used 5644K [0x00000000c0000000, 0x0000000100000000)
  region size 1024K, 1 young (1024K), 0 survivors (0K)
 Metaspace       used 2522K, capacity 4935K, committed 5120K, reserved 1056768K
  class space    used 222K, capacity 466K, committed 512K, reserved 1048576K
}
Event: 12.823 GC heap after
{Heap after GC invocations=36 (full 29):
 garbage-first heap   total 20480K, used 5644K [0x00000000c0000000, 0x0000000100000000)
  region size 1024K, 0 young (0K), 0 survivors (0K)
 Metaspace       used 2522K, capacity 4935K, committed 5120K, reserved 1056768K
  class space    used 222K, capacity 466K, committed 512K, reserved 1048576K
}
Event: 12.891 GC heap before
{Heap before GC invocations=36 (full 29):
 garbage-first heap   total 20480K, used 5644K [0x00000000c0000000, 0x0000000100000000)
  region size 1024K, 1 young (1024K), 0 survivors (0K)
 Metaspace       used 2522K, capacity 4935K, committed 5120K, reserved 1056768K
  class space    used 222K, capacity 466K, committed 512K, reserved 1048576K
}
Event: 12.899 GC heap after
{Heap after GC invocations=37 (full 30):
 garbage-first heap   total 20480K, used 5644K [0x00000000c0000000, 0x0000000100000000)
  region size 1024K, 0 young (0K), 0 survivors (0K)
 Metaspace       used 2522K, capacity 4935K, committed 5120K, reserved 1056768K
  class space    used 222K, capacity 466K, committed 512K, reserved 1048576K
}
Event: 18.338 GC heap before
{Heap before GC invocations=37 (full 30):
 garbage-first heap   total 20480K, used 5644K [0x00000000c0000000, 0x0000000100000000)
  region size 1024K, 1 young (1024K), 0 survivors (0K)
 Metaspace       used 2522K, capacity 4935K, committed 5120K, reserved 1056768K
  class space    used 222K, capacity 466K, committed 512K, reserved 1048576K
}
Event: 18.345 GC heap after
{Heap after GC invocations=38 (full 31):
 garbage-first heap   total 20480K, used 5644K [0x00000000c0000000, 0x0000000100000000)
  region size 1024K, 0 young (0K), 0 survivors (0K)
 Metaspace       used 2522K, capacity 4935K, committed 5120K, reserved 1056768K
  class space    used 222K, capacity 466K, committed 512K, reserved 1048576K
}
Event: 18.510 GC heap before
{Heap before GC invocations=38 (full 31):
 garbage-first heap   total 20480K, used 5644K [0x00000000c0000000, 0x0000000100000000)
  region size 1024K, 1 young (1024K), 0 survivors (0K)
 Metaspace       used 2522K, capacity 4935K, committed 5120K, reserved 1056768K
  class space    used 222K, capacity 466K, committed 512K, reserved 1048576K
}
Event: 18.517 GC heap after
{Heap after GC invocations=39 (full 32):
 garbage-first heap   total 20480K, used 5644K [0x00000000c0000000, 0x0000000100000000)
  region size 1024K, 0 young (0K), 0 survivors (0K)
 Metaspace       used 2522K, capacity 4935K, committed 5120K, reserved 1056768K
  class space    used 222K, capacity 466K, committed 512K, reserved 1048576K
}
Event: 18.659 GC heap before
{Heap before GC invocations=39 (full 32):
 garbage-first heap   total 20480K, used 5644K [0x00000000c0000000, 0x0000000100000000)
  region size 1024K, 1 young (1024K), 0 survivors (0K)
 Metaspace       used 2522K, capacity 4935K, committed 5120K, reserved 1056768K
  class space    used 222K, capacity 466K, committed 512K, reserved 1048576K
}
Event: 18.667 GC heap after
{Heap after GC invocations=40 (full 33):
 garbage-first heap   total 20480K, used 5644K [0x00000000c0000000, 0x0000000100000000)
  region size 1024K, 0 young (0K), 0 survivors (0K)
 Metaspace       used 2522K, capacity 4935K, committed 5120K, reserved 1056768K
  class space    used 222K, capacity 466K, committed 512K, reserved 1048576K
}
Event: 136.410 GC heap before
{Heap before GC invocations=40 (full 33):
 garbage-first heap   total 20480K, used 5644K [0x00000000c0000000, 0x0000000100000000)
  region size 1024K, 1 young (1024K), 0 survivors (0K)
 Metaspace       used 2523K, capacity 4935K, committed 5120K, reserved 1056768K
  class space    used 222K, capacity 466K, committed 512K, reserved 1048576K
}
Event: 136.418 GC heap after
{Heap after GC invocations=41 (full 34):
 garbage-first heap   total 20480K, used 5644K [0x00000000c0000000, 0x0000000100000000)
  region size 1024K, 0 young (0K), 0 survivors (0K)
 Metaspace       used 2523K, capacity 4935K, committed 5120K, reserved 1056768K
  class space    used 222K, capacity 466K, committed 512K, reserved 1048576K
}
Event: 136.723 GC heap before
{Heap before GC invocations=41 (full 34):
 garbage-first heap   total 20480K, used 5644K [0x00000000c0000000, 0x0000000100000000)
  region size 1024K, 1 young (1024K), 0 survivors (0K)
 Metaspace       used 2523K, capacity 4935K, committed 5120K, reserved 1056768K
  class space    used 222K, capacity 466K, committed 512K, reserved 1048576K
}
Event: 136.730 GC heap after
{Heap after GC invocations=42 (full 35):
 garbage-first heap   total 20480K, used 5644K [0x00000000c0000000, 0x0000000100000000)
  region size 1024K, 0 young (0K), 0 survivors (0K)
 Metaspace       used 2523K, capacity 4935K, committed 5120K, reserved 1056768K
  class space    used 222K, capacity 466K, committed 512K, reserved 1048576K
}

